[debug] ----------------------------------------------------------------------
[debug] Command:      C:\Program Files\nodejs\node.exe C:\Users\AdMin\AppData\Roaming\npm\node_modules\firebase-tools\bin\firebase deploy
[debug] CLI Version:  3.5.0
[debug] Platform:     win32
[debug] Node Version: v6.10.0
[debug] Time:         Sat Mar 11 2017 00:07:27 GMT+0500 (Pakistan Standard Time)
[debug] ----------------------------------------------------------------------
[debug] 
[debug] > command requires scopes: ["email","openid","https://www.googleapis.com/auth/cloudplatformprojects.readonly","https://www.googleapis.com/auth/firebase","https://www.googleapis.com/auth/cloud-platform"]
[debug] >>> HTTP REQUEST GET https://admin.firebase.com/v1/projects/test-project-5a3f4  
 Sat Mar 11 2017 00:07:27 GMT+0500 (Pakistan Standard Time)
[debug] <<< HTTP RESPONSE 200
[debug] >>> HTTP REQUEST GET https://admin.firebase.com/v1/database/test-project-5a3f4/tokens  
 Sat Mar 11 2017 00:07:30 GMT+0500 (Pakistan Standard Time)
[debug] <<< HTTP RESPONSE 200
[info] 
[info] === Deploying to 'test-project-5a3f4'...
[info] 
[info] i  deploying functions
[debug] > [functions] package.json contents: {
  "name": "functions",
  "description": "Cloud Functions for Firebase",
  "dependencies": {
    "firebase-admin": "^4.1.2",
    "firebase-functions": "^0.5"
  },
  "private": true
}
[info] i  functions: ensuring necessary APIs are enabled...
[info] i  runtimeconfig: ensuring necessary APIs are enabled...
[debug] >>> HTTP REQUEST GET https://servicemanagement.googleapis.com/v1/services/cloudfunctions.googleapis.com/projectSettings/test-project-5a3f4?view=CONSUMER_VIEW  
 Sat Mar 11 2017 00:07:36 GMT+0500 (Pakistan Standard Time)
[debug] >>> HTTP REQUEST GET https://servicemanagement.googleapis.com/v1/services/runtimeconfig.googleapis.com/projectSettings/test-project-5a3f4?view=CONSUMER_VIEW  
 Sat Mar 11 2017 00:07:36 GMT+0500 (Pakistan Standard Time)
[debug] <<< HTTP RESPONSE 200
[info] +  runtimeconfig: all necessary APIs are enabled
[debug] <<< HTTP RESPONSE 200
[info] +  functions: all necessary APIs are enabled
[debug] >>> HTTP REQUEST GET https://appengine.googleapis.com/v1/apps/test-project-5a3f4  
 Sat Mar 11 2017 00:07:40 GMT+0500 (Pakistan Standard Time)
[debug] >>> HTTP REQUEST GET https://apikeys.googleapis.com/v1/projects/test-project-5a3f4/apiKeys  
 Sat Mar 11 2017 00:07:40 GMT+0500 (Pakistan Standard Time)
[debug] <<< HTTP RESPONSE 200
[debug] <<< HTTP RESPONSE 200
[info] i  functions: preparing functions directory for uploading...
[debug] >>> HTTP REQUEST GET https://runtimeconfig.googleapis.com/v1beta1/projects/test-project-5a3f4/configs  
 Sat Mar 11 2017 00:09:02 GMT+0500 (Pakistan Standard Time)
[debug] <<< HTTP RESPONSE 200
[debug] > [functions] runtime config materialized as: {
  "firebase": {
    "databaseURL": "https://test-project-5a3f4.firebaseio.com",
    "storageBucket": "test-project-5a3f4.appspot.com",
    "apiKey": "AIzaSyBzCz--6X7V-y0I5ynzObJq8xHBS8Pbbys",
    "authDomain": "test-project-5a3f4.firebaseapp.com"
  }
}
[debug] > [functions] parsed triggers: [
  {
    "httpsTrigger": {},
    "name": "helloWorld",
    "entryPoint": "helloWorld"
  }
]
[info] i  functions: packaged functions (894 B) for uploading
[debug] >>> HTTP REQUEST GET https://www.googleapis.com/storage/v1/b/staging.test-project-5a3f4.appspot.com  
 Sat Mar 11 2017 00:09:13 GMT+0500 (Pakistan Standard Time)
[debug] <<< HTTP RESPONSE 200
[debug] >>> HTTP REQUEST POST https://www.googleapis.com/upload/storage/v1/b/staging.test-project-5a3f4.appspot.com/o?uploadType=media&name=firebase-functions-source ReadStream {
  _readableState: 
   ReadableState {
     objectMode: false,
     highWaterMark: 65536,
     buffer: BufferList { head: [Object], tail: [Object], length: 1 },
     length: 894,
     pipes: null,
     pipesCount: 0,
     flowing: null,
     ended: true,
     endEmitted: false,
     reading: false,
     sync: false,
     needReadable: false,
     emittedReadable: true,
     readableListening: false,
     resumeScheduled: false,
     defaultEncoding: 'utf8',
     ranOut: false,
     awaitDrain: 0,
     readingMore: false,
     decoder: null,
     encoding: null },
  readable: true,
  domain: null,
  _events: { end: [Function] },
  _eventsCount: 1,
  _maxListeners: undefined,
  path: 'C:\\Users\\AdMin\\AppData\\Local\\Temp\\firebase-functions-89446Hv2VQweqVjx.zip',
  fd: 6,
  flags: 'r',
  mode: 438,
  start: undefined,
  end: undefined,
  autoClose: true,
  pos: undefined,
  bytesRead: 894 } 
 Sat Mar 11 2017 00:09:15 GMT+0500 (Pakistan Standard Time)
[debug] <<< HTTP RESPONSE 200
[info] +  functions: functions folder uploaded successfully
[info] i  starting release process (may take several minutes)...
[debug] >>> HTTP REQUEST GET https://cloudfunctions.googleapis.com/v1beta2/projects/test-project-5a3f4/locations/us-central1/functions  
 Sat Mar 11 2017 00:09:19 GMT+0500 (Pakistan Standard Time)
[debug] <<< HTTP RESPONSE 200
[info] i  functions: updating function helloWorld...
[debug] Trigger is: 
[debug] >>> HTTP REQUEST PUT https://cloudfunctions.googleapis.com/v1beta2/projects/test-project-5a3f4/locations/us-central1/functions/helloWorld { sourceArchiveUrl: 'gs://staging.test-project-5a3f4.appspot.com/firebase-functions-source',
  name: 'projects/test-project-5a3f4/locations/us-central1/functions/helloWorld',
  entryPoint: 'helloWorld',
  httpsTrigger: {} } 
 Sat Mar 11 2017 00:09:22 GMT+0500 (Pakistan Standard Time)
[debug] <<< HTTP RESPONSE 200
[debug] >>> HTTP REQUEST GET https://cloudfunctions.googleapis.com/v1beta2/projects/test-project-5a3f4/locations/us-central1/functions  
 Sat Mar 11 2017 00:09:24 GMT+0500 (Pakistan Standard Time)
[debug] >>> HTTP REQUEST GET https://cloudfunctions.googleapis.com/v1beta2/operations/dGVzdC1wcm9qZWN0LTVhM2Y0L3VzLWNlbnRyYWwxL2hlbGxvV29ybGQvRVVaQklna3MwS1E  
 Sat Mar 11 2017 00:09:24 GMT+0500 (Pakistan Standard Time)
[debug] <<< HTTP RESPONSE 200
[debug] [functions] operation poll: helloWorld: update operations/dGVzdC1wcm9qZWN0LTVhM2Y0L3VzLWNlbnRyYWwxL2hlbGxvV29ybGQvRVVaQklna3MwS1E is not done.
[debug] <<< HTTP RESPONSE 200
[debug] >>> HTTP REQUEST GET https://cloudfunctions.googleapis.com/v1beta2/operations/dGVzdC1wcm9qZWN0LTVhM2Y0L3VzLWNlbnRyYWwxL2hlbGxvV29ybGQvRVVaQklna3MwS1E  
 Sat Mar 11 2017 00:09:32 GMT+0500 (Pakistan Standard Time)
[debug] <<< HTTP RESPONSE 200
[debug] [functions] operation poll: helloWorld: update operations/dGVzdC1wcm9qZWN0LTVhM2Y0L3VzLWNlbnRyYWwxL2hlbGxvV29ybGQvRVVaQklna3MwS1E is not done.
[debug] >>> HTTP REQUEST GET https://cloudfunctions.googleapis.com/v1beta2/operations/dGVzdC1wcm9qZWN0LTVhM2Y0L3VzLWNlbnRyYWwxL2hlbGxvV29ybGQvRVVaQklna3MwS1E  
 Sat Mar 11 2017 00:09:39 GMT+0500 (Pakistan Standard Time)
[debug] <<< HTTP RESPONSE 200
[debug] [functions] operation poll: helloWorld: update operations/dGVzdC1wcm9qZWN0LTVhM2Y0L3VzLWNlbnRyYWwxL2hlbGxvV29ybGQvRVVaQklna3MwS1E is not done.
[debug] >>> HTTP REQUEST GET https://cloudfunctions.googleapis.com/v1beta2/operations/dGVzdC1wcm9qZWN0LTVhM2Y0L3VzLWNlbnRyYWwxL2hlbGxvV29ybGQvRVVaQklna3MwS1E  
 Sat Mar 11 2017 00:09:46 GMT+0500 (Pakistan Standard Time)
[debug] <<< HTTP RESPONSE 200
[debug] [functions] operation poll: helloWorld: update operations/dGVzdC1wcm9qZWN0LTVhM2Y0L3VzLWNlbnRyYWwxL2hlbGxvV29ybGQvRVVaQklna3MwS1E is not done.
[debug] >>> HTTP REQUEST GET https://cloudfunctions.googleapis.com/v1beta2/operations/dGVzdC1wcm9qZWN0LTVhM2Y0L3VzLWNlbnRyYWwxL2hlbGxvV29ybGQvRVVaQklna3MwS1E  
 Sat Mar 11 2017 00:09:55 GMT+0500 (Pakistan Standard Time)
