0 info it worked if it ends with ok
1 verbose cli [ 'C:\\Program Files\\nodejs\\node.exe',
1 verbose cli   'C:\\Program Files\\nodejs\\node_modules\\npm\\bin\\npm-cli.js',
1 verbose cli   'install',
1 verbose cli   '-g',
1 verbose cli   'npm' ]
2 info using npm@3.10.10
3 info using node@v6.10.0
4 silly loadCurrentTree Starting
5 silly install loadCurrentTree
6 silly install readGlobalPackageData
7 silly fetchPackageMetaData npm
8 silly fetchNamedPackageData npm
9 silly mapToRegistry name npm
10 silly mapToRegistry using default registry
11 silly mapToRegistry registry https://registry.npmjs.org/
12 silly mapToRegistry data Result {
12 silly mapToRegistry   raw: 'npm',
12 silly mapToRegistry   scope: null,
12 silly mapToRegistry   escapedName: 'npm',
12 silly mapToRegistry   name: 'npm',
12 silly mapToRegistry   rawSpec: '',
12 silly mapToRegistry   spec: 'latest',
12 silly mapToRegistry   type: 'tag' }
13 silly mapToRegistry uri https://registry.npmjs.org/npm
14 verbose request uri https://registry.npmjs.org/npm
15 verbose request no auth needed
16 info attempt registry request try #1 at 11:15:53 PM
17 verbose request id 9a8e49fd310ebd9b
18 http request GET https://registry.npmjs.org/npm
19 http 200 https://registry.npmjs.org/npm
20 verbose headers { server: 'nginx/1.10.1',
20 verbose headers   'content-type': 'application/json',
20 verbose headers   'last-modified': 'Fri, 10 Mar 2017 01:19:58 GMT',
20 verbose headers   etag: 'W/"58c1ff3e-5dd4cd"',
20 verbose headers   'content-encoding': 'gzip',
20 verbose headers   'cache-control': 'max-age=300',
20 verbose headers   'content-length': '399191',
20 verbose headers   'accept-ranges': 'bytes',
20 verbose headers   date: 'Fri, 10 Mar 2017 18:15:55 GMT',
20 verbose headers   via: '1.1 varnish',
20 verbose headers   age: '264',
20 verbose headers   connection: 'keep-alive',
20 verbose headers   'x-served-by': 'cache-hhn1540-HHN',
20 verbose headers   'x-cache': 'HIT',
20 verbose headers   'x-cache-hits': '1',
20 verbose headers   'x-timer': 'S1489169755.589445,VS0,VE0',
20 verbose headers   vary: 'Accept-Encoding' }
21 silly get cb [ 200,
21 silly get   { server: 'nginx/1.10.1',
21 silly get     'content-type': 'application/json',
21 silly get     'last-modified': 'Fri, 10 Mar 2017 01:19:58 GMT',
21 silly get     etag: 'W/"58c1ff3e-5dd4cd"',
21 silly get     'content-encoding': 'gzip',
21 silly get     'cache-control': 'max-age=300',
21 silly get     'content-length': '399191',
21 silly get     'accept-ranges': 'bytes',
21 silly get     date: 'Fri, 10 Mar 2017 18:15:55 GMT',
21 silly get     via: '1.1 varnish',
21 silly get     age: '264',
21 silly get     connection: 'keep-alive',
21 silly get     'x-served-by': 'cache-hhn1540-HHN',
21 silly get     'x-cache': 'HIT',
21 silly get     'x-cache-hits': '1',
21 silly get     'x-timer': 'S1489169755.589445,VS0,VE0',
21 silly get     vary: 'Accept-Encoding' } ]
22 verbose get saving npm to D:\var\tmp\npm-cache\registry.npmjs.org\npm\.cache.json
23 verbose correctMkdir D:\var\tmp\npm-cache correctMkdir not in flight; initializing
24 silly install normalizeTree
25 silly loadCurrentTree Finishing
26 silly loadIdealTree Starting
27 silly install loadIdealTree
28 silly cloneCurrentTree Starting
29 silly install cloneCurrentTreeToIdealTree
30 silly cloneCurrentTree Finishing
31 silly loadShrinkwrap Starting
32 silly install loadShrinkwrap
33 silly loadShrinkwrap Finishing
34 silly loadAllDepsIntoIdealTree Starting
35 silly install loadAllDepsIntoIdealTree
36 silly resolveWithNewModule npm@4.4.1 checking installable status
37 silly cache add args [ 'npm', null ]
38 verbose cache add spec npm
39 silly cache add parsed spec Result {
39 silly cache add   raw: 'npm',
39 silly cache add   scope: null,
39 silly cache add   escapedName: 'npm',
39 silly cache add   name: 'npm',
39 silly cache add   rawSpec: '',
39 silly cache add   spec: 'latest',
39 silly cache add   type: 'tag' }
40 silly addNamed npm@latest
41 verbose addNamed "latest" is being treated as a dist-tag for npm
42 info addNameTag [ 'npm', 'latest' ]
43 silly mapToRegistry name npm
44 silly mapToRegistry using default registry
45 silly mapToRegistry registry https://registry.npmjs.org/
46 silly mapToRegistry data Result {
46 silly mapToRegistry   raw: 'npm',
46 silly mapToRegistry   scope: null,
46 silly mapToRegistry   escapedName: 'npm',
46 silly mapToRegistry   name: 'npm',
46 silly mapToRegistry   rawSpec: '',
46 silly mapToRegistry   spec: 'latest',
46 silly mapToRegistry   type: 'tag' }
47 silly mapToRegistry uri https://registry.npmjs.org/npm
48 verbose addNameTag registry:https://registry.npmjs.org/npm not in flight; fetching
49 verbose get https://registry.npmjs.org/npm not expired, no request
50 silly addNameTag next cb for npm with tag latest
51 silly addNamed npm@4.4.1
52 verbose addNamed "4.4.1" is a plain semver version for npm
53 silly mapToRegistry name npm
54 silly mapToRegistry using default registry
55 silly mapToRegistry registry https://registry.npmjs.org/
56 silly mapToRegistry data Result {
56 silly mapToRegistry   raw: 'npm',
56 silly mapToRegistry   scope: null,
56 silly mapToRegistry   escapedName: 'npm',
56 silly mapToRegistry   name: 'npm',
56 silly mapToRegistry   rawSpec: '',
56 silly mapToRegistry   spec: 'latest',
56 silly mapToRegistry   type: 'tag' }
57 silly mapToRegistry uri https://registry.npmjs.org/npm
58 verbose addRemoteTarball https://registry.npmjs.org/npm/-/npm-4.4.1.tgz not in flight; adding
59 verbose addRemoteTarball [ 'https://registry.npmjs.org/npm/-/npm-4.4.1.tgz',
59 verbose addRemoteTarball   '6b82d403b366d33f73449229e752c0ef487d9885' ]
60 info retry fetch attempt 1 at 11:16:03 PM
61 info attempt registry request try #1 at 11:16:03 PM
62 http fetch GET https://registry.npmjs.org/npm/-/npm-4.4.1.tgz
63 http fetch 200 https://registry.npmjs.org/npm/-/npm-4.4.1.tgz
64 info retry will retry, error on last attempt: Error: read ECONNRESET
65 silly fetchAndShaCheck shasum 6b82d403b366d33f73449229e752c0ef487d9885
66 silly rollbackFailedOptional Starting
67 silly rollbackFailedOptional Finishing
68 silly runTopLevelLifecycles Finishing
69 silly install printInstalled
70 verbose stack Error: shasum check failed for C:\Users\AdMin\AppData\Local\Temp\npm-3788-3351be29\registry.npmjs.org\npm\-\npm-4.4.1.tgz
70 verbose stack Expected: 6b82d403b366d33f73449229e752c0ef487d9885
70 verbose stack Actual:   17c95244e53e8be20abefb911fa832150bcc7b5e
70 verbose stack From:     https://registry.npmjs.org/npm/-/npm-4.4.1.tgz
70 verbose stack     at C:\Program Files\nodejs\node_modules\npm\node_modules\sha\index.js:25:8
70 verbose stack     at ReadStream.<anonymous> (C:\Program Files\nodejs\node_modules\npm\node_modules\sha\index.js:72:7)
70 verbose stack     at emitNone (events.js:91:20)
70 verbose stack     at ReadStream.emit (events.js:185:7)
70 verbose stack     at endReadableNT (_stream_readable.js:974:12)
70 verbose stack     at _combinedTickCallback (internal/process/next_tick.js:74:11)
70 verbose stack     at process._tickCallback (internal/process/next_tick.js:98:9)
71 verbose cwd D:\Projects\Uni\firebase-functions-hello-world
72 error Windows_NT 10.0.10240
73 error argv "C:\\Program Files\\nodejs\\node.exe" "C:\\Program Files\\nodejs\\node_modules\\npm\\bin\\npm-cli.js" "install" "-g" "npm"
74 error node v6.10.0
75 error npm  v3.10.10
76 error shasum check failed for C:\Users\AdMin\AppData\Local\Temp\npm-3788-3351be29\registry.npmjs.org\npm\-\npm-4.4.1.tgz
76 error Expected: 6b82d403b366d33f73449229e752c0ef487d9885
76 error Actual:   17c95244e53e8be20abefb911fa832150bcc7b5e
76 error From:     https://registry.npmjs.org/npm/-/npm-4.4.1.tgz
77 error If you need help, you may report this error at:
77 error     <https://github.com/npm/npm/issues>
78 verbose exit [ 1, true ]
